The target system is: Generic - 1 - 
The host system is: Linux - 5.4.0-45-generic - x86_64
Compiling the C compiler identification source file "CMakeCCompilerId.c" succeeded.
Compiler: /usr/local/gcc-arm-none-eabi/bin/arm-none-eabi-gcc 
Build flags: 
Id flags: -c 

The output was:
0


Compilation of the C compiler identification source "CMakeCCompilerId.c" produced "CMakeCCompilerId.o"

The C compiler identification is GNU, found in "/home/bulanov/Project/FreeRTOS/cmake-build-debug/CMakeFiles/3.17.3/CompilerIdC/CMakeCCompilerId.o"

Compiling the CXX compiler identification source file "CMakeCXXCompilerId.cpp" succeeded.
Compiler: /usr/local/gcc-arm-none-eabi/bin/arm-none-eabi-g++ 
Build flags: 
Id flags: -c 

The output was:
0


Compilation of the CXX compiler identification source "CMakeCXXCompilerId.cpp" produced "CMakeCXXCompilerId.o"

The CXX compiler identification is GNU, found in "/home/bulanov/Project/FreeRTOS/cmake-build-debug/CMakeFiles/3.17.3/CompilerIdCXX/CMakeCXXCompilerId.o"

Checking whether the ASM compiler is GNU using "--version" matched "(GNU assembler)|(GCC)|(Free Software Foundation)":
arm-none-eabi-gcc (GNU Arm Embedded Toolchain 9-2020-q2-update) 9.3.1 20200408 (release)
Copyright (C) 2019 Free Software Foundation, Inc.
This is free software; see the source for copying conditions.  There is NO
warranty; not even for MERCHANTABILITY or FITNESS FOR A PARTICULAR PURPOSE.

Determining if the C compiler works passed with the following output:
Change Dir: /home/bulanov/Project/FreeRTOS/cmake-build-debug/CMakeFiles/CMakeTmp

Run Build Command(s):/usr/bin/make cmTC_b5948/fast && /usr/bin/make  -f CMakeFiles/cmTC_b5948.dir/build.make CMakeFiles/cmTC_b5948.dir/build
make[1]: вход в каталог «/home/bulanov/Project/FreeRTOS/cmake-build-debug/CMakeFiles/CMakeTmp»
Building C object CMakeFiles/cmTC_b5948.dir/testCCompiler.c.obj
/usr/local/gcc-arm-none-eabi/bin/arm-none-eabi-gcc    -o CMakeFiles/cmTC_b5948.dir/testCCompiler.c.obj   -c /home/bulanov/Project/FreeRTOS/cmake-build-debug/CMakeFiles/CMakeTmp/testCCompiler.c
Linking C static library libcmTC_b5948.a
/home/bulanov/.local/share/JetBrains/Toolbox/apps/CLion/ch-0/202.6948.80/bin/cmake/linux/bin/cmake -P CMakeFiles/cmTC_b5948.dir/cmake_clean_target.cmake
/home/bulanov/.local/share/JetBrains/Toolbox/apps/CLion/ch-0/202.6948.80/bin/cmake/linux/bin/cmake -E cmake_link_script CMakeFiles/cmTC_b5948.dir/link.txt --verbose=1
arm-none-eabi-ar qc libcmTC_b5948.a  CMakeFiles/cmTC_b5948.dir/testCCompiler.c.obj
/usr/local/gcc-arm-none-eabi/bin/arm-none-eabi-ranlib libcmTC_b5948.a
make[1]: выход из каталога «/home/bulanov/Project/FreeRTOS/cmake-build-debug/CMakeFiles/CMakeTmp»



Detecting C compiler ABI info compiled with the following output:
Change Dir: /home/bulanov/Project/FreeRTOS/cmake-build-debug/CMakeFiles/CMakeTmp

Run Build Command(s):/usr/bin/make cmTC_d5e72/fast && /usr/bin/make  -f CMakeFiles/cmTC_d5e72.dir/build.make CMakeFiles/cmTC_d5e72.dir/build
make[1]: Entering directory '/home/bulanov/Project/FreeRTOS/cmake-build-debug/CMakeFiles/CMakeTmp'
Building C object CMakeFiles/cmTC_d5e72.dir/CMakeCCompilerABI.c.obj
/usr/local/gcc-arm-none-eabi/bin/arm-none-eabi-gcc   -v -o CMakeFiles/cmTC_d5e72.dir/CMakeCCompilerABI.c.obj   -c /home/bulanov/.local/share/JetBrains/Toolbox/apps/CLion/ch-0/202.6948.80/bin/cmake/linux/share/cmake-3.17/Modules/CMakeCCompilerABI.c
Using built-in specs.
COLLECT_GCC=/usr/local/gcc-arm-none-eabi/bin/arm-none-eabi-gcc
Target: arm-none-eabi
Configured with: /mnt/workspace/workspace/GCC-9-pipeline/jenkins-GCC-9-pipeline-200_20200521_1590053374/src/gcc/configure --target=arm-none-eabi --prefix=/mnt/workspace/workspace/GCC-9-pipeline/jenkins-GCC-9-pipeline-200_20200521_1590053374/install-native --libexecdir=/mnt/workspace/workspace/GCC-9-pipeline/jenkins-GCC-9-pipeline-200_20200521_1590053374/install-native/lib --infodir=/mnt/workspace/workspace/GCC-9-pipeline/jenkins-GCC-9-pipeline-200_20200521_1590053374/install-native/share/doc/gcc-arm-none-eabi/info --mandir=/mnt/workspace/workspace/GCC-9-pipeline/jenkins-GCC-9-pipeline-200_20200521_1590053374/install-native/share/doc/gcc-arm-none-eabi/man --htmldir=/mnt/workspace/workspace/GCC-9-pipeline/jenkins-GCC-9-pipeline-200_20200521_1590053374/install-native/share/doc/gcc-arm-none-eabi/html --pdfdir=/mnt/workspace/workspace/GCC-9-pipeline/jenkins-GCC-9-pipeline-200_20200521_1590053374/install-native/share/doc/gcc-arm-none-eabi/pdf --enable-languages=c,c++ --enable-plugins --disable-decimal-float --disable-libffi --disable-libgomp --disable-libmudflap --disable-libquadmath --disable-libssp --disable-libstdcxx-pch --disable-nls --disable-shared --disable-threads --disable-tls --with-gnu-as --with-gnu-ld --with-newlib --with-headers=yes --with-python-dir=share/gcc-arm-none-eabi --with-sysroot=/mnt/workspace/workspace/GCC-9-pipeline/jenkins-GCC-9-pipeline-200_20200521_1590053374/install-native/arm-none-eabi --build=x86_64-linux-gnu --host=x86_64-linux-gnu --with-gmp=/mnt/workspace/workspace/GCC-9-pipeline/jenkins-GCC-9-pipeline-200_20200521_1590053374/build-native/host-libs/usr --with-mpfr=/mnt/workspace/workspace/GCC-9-pipeline/jenkins-GCC-9-pipeline-200_20200521_1590053374/build-native/host-libs/usr --with-mpc=/mnt/workspace/workspace/GCC-9-pipeline/jenkins-GCC-9-pipeline-200_20200521_1590053374/build-native/host-libs/usr --with-isl=/mnt/workspace/workspace/GCC-9-pipeline/jenkins-GCC-9-pipeline-200_20200521_1590053374/build-native/host-libs/usr --with-libelf=/mnt/workspace/workspace/GCC-9-pipeline/jenkins-GCC-9-pipeline-200_20200521_1590053374/build-native/host-libs/usr --with-host-libstdcxx='-static-libgcc -Wl,-Bstatic,-lstdc++,-Bdynamic -lm' --with-pkgversion='GNU Arm Embedded Toolchain 9-2020-q2-update' --with-multilib-list=rmprofile,aprofile
Thread model: single
gcc version 9.3.1 20200408 (release) (GNU Arm Embedded Toolchain 9-2020-q2-update) 
COLLECT_GCC_OPTIONS='-v' '-o' 'CMakeFiles/cmTC_d5e72.dir/CMakeCCompilerABI.c.obj' '-c' '-mcpu=arm7tdmi' '-mfloat-abi=soft' '-marm' '-march=armv4t'
 /usr/local/gcc-arm-none-eabi/bin/../lib/gcc/arm-none-eabi/9.3.1/cc1 -quiet -v -iprefix /usr/local/gcc-arm-none-eabi/bin/../lib/gcc/arm-none-eabi/9.3.1/ -isysroot /usr/local/gcc-arm-none-eabi/bin/../arm-none-eabi -D__USES_INITFINI__ /home/bulanov/.local/share/JetBrains/Toolbox/apps/CLion/ch-0/202.6948.80/bin/cmake/linux/share/cmake-3.17/Modules/CMakeCCompilerABI.c -quiet -dumpbase CMakeCCompilerABI.c -mcpu=arm7tdmi -mfloat-abi=soft -marm -march=armv4t -auxbase-strip CMakeFiles/cmTC_d5e72.dir/CMakeCCompilerABI.c.obj -version -o /tmp/ccE0L0Sr.s
GNU C17 (GNU Arm Embedded Toolchain 9-2020-q2-update) version 9.3.1 20200408 (release) (arm-none-eabi)
	compiled by GNU C version 4.8.4, GMP version 6.1.0, MPFR version 3.1.4, MPC version 1.0.3, isl version isl-0.18-GMP

GGC heuristics: --param ggc-min-expand=100 --param ggc-min-heapsize=131072
ignoring duplicate directory "/usr/local/gcc-arm-none-eabi/bin/../lib/gcc/../../lib/gcc/arm-none-eabi/9.3.1/include"
ignoring nonexistent directory "/usr/local/gcc-arm-none-eabi/bin/../arm-none-eabi/usr/local/include"
ignoring duplicate directory "/usr/local/gcc-arm-none-eabi/bin/../lib/gcc/../../lib/gcc/arm-none-eabi/9.3.1/include-fixed"
ignoring duplicate directory "/usr/local/gcc-arm-none-eabi/bin/../lib/gcc/../../lib/gcc/arm-none-eabi/9.3.1/../../../../arm-none-eabi/include"
ignoring nonexistent directory "/usr/local/gcc-arm-none-eabi/bin/../arm-none-eabi/usr/include"
#include "..." search starts here:
#include <...> search starts here:
 /usr/local/gcc-arm-none-eabi/bin/../lib/gcc/arm-none-eabi/9.3.1/include
 /usr/local/gcc-arm-none-eabi/bin/../lib/gcc/arm-none-eabi/9.3.1/include-fixed
 /usr/local/gcc-arm-none-eabi/bin/../lib/gcc/arm-none-eabi/9.3.1/../../../../arm-none-eabi/include
End of search list.
GNU C17 (GNU Arm Embedded Toolchain 9-2020-q2-update) version 9.3.1 20200408 (release) (arm-none-eabi)
	compiled by GNU C version 4.8.4, GMP version 6.1.0, MPFR version 3.1.4, MPC version 1.0.3, isl version isl-0.18-GMP

GGC heuristics: --param ggc-min-expand=100 --param ggc-min-heapsize=131072
Compiler executable checksum: 17f1e178bf798cb7013d26242c30c1f0
COLLECT_GCC_OPTIONS='-v' '-o' 'CMakeFiles/cmTC_d5e72.dir/CMakeCCompilerABI.c.obj' '-c' '-mcpu=arm7tdmi' '-mfloat-abi=soft' '-marm' '-march=armv4t'
 /usr/local/gcc-arm-none-eabi/bin/../lib/gcc/arm-none-eabi/9.3.1/../../../../arm-none-eabi/bin/as -v -march=armv4t -mfloat-abi=soft -meabi=5 -o CMakeFiles/cmTC_d5e72.dir/CMakeCCompilerABI.c.obj /tmp/ccE0L0Sr.s
GNU assembler version 2.34.0 (arm-none-eabi) using BFD version (GNU Arm Embedded Toolchain 9-2020-q2-update) 2.34.0.20200428
COMPILER_PATH=/usr/local/gcc-arm-none-eabi/bin/../lib/gcc/arm-none-eabi/9.3.1/:/usr/local/gcc-arm-none-eabi/bin/../lib/gcc/:/usr/local/gcc-arm-none-eabi/bin/../lib/gcc/arm-none-eabi/9.3.1/../../../../arm-none-eabi/bin/
LIBRARY_PATH=/usr/local/gcc-arm-none-eabi/bin/../lib/gcc/arm-none-eabi/9.3.1/:/usr/local/gcc-arm-none-eabi/bin/../lib/gcc/:/usr/local/gcc-arm-none-eabi/bin/../lib/gcc/arm-none-eabi/9.3.1/../../../../arm-none-eabi/lib/:/usr/local/gcc-arm-none-eabi/bin/../arm-none-eabi/lib/
COLLECT_GCC_OPTIONS='-v' '-o' 'CMakeFiles/cmTC_d5e72.dir/CMakeCCompilerABI.c.obj' '-c' '-mcpu=arm7tdmi' '-mfloat-abi=soft' '-marm' '-march=armv4t'
Linking C static library libcmTC_d5e72.a
/home/bulanov/.local/share/JetBrains/Toolbox/apps/CLion/ch-0/202.6948.80/bin/cmake/linux/bin/cmake -P CMakeFiles/cmTC_d5e72.dir/cmake_clean_target.cmake
/home/bulanov/.local/share/JetBrains/Toolbox/apps/CLion/ch-0/202.6948.80/bin/cmake/linux/bin/cmake -E cmake_link_script CMakeFiles/cmTC_d5e72.dir/link.txt --verbose=1
arm-none-eabi-ar qc libcmTC_d5e72.a  CMakeFiles/cmTC_d5e72.dir/CMakeCCompilerABI.c.obj
/usr/local/gcc-arm-none-eabi/bin/arm-none-eabi-ranlib libcmTC_d5e72.a
make[1]: Leaving directory '/home/bulanov/Project/FreeRTOS/cmake-build-debug/CMakeFiles/CMakeTmp'



Parsed C implicit include dir info from above output: rv=done
  found start of include info
  found start of implicit include info
    add: [/usr/local/gcc-arm-none-eabi/bin/../lib/gcc/arm-none-eabi/9.3.1/include]
    add: [/usr/local/gcc-arm-none-eabi/bin/../lib/gcc/arm-none-eabi/9.3.1/include-fixed]
    add: [/usr/local/gcc-arm-none-eabi/bin/../lib/gcc/arm-none-eabi/9.3.1/../../../../arm-none-eabi/include]
  end of search list found
  collapse include dir [/usr/local/gcc-arm-none-eabi/bin/../lib/gcc/arm-none-eabi/9.3.1/include] ==> [/usr/local/gcc-arm-none-eabi/lib/gcc/arm-none-eabi/9.3.1/include]
  collapse include dir [/usr/local/gcc-arm-none-eabi/bin/../lib/gcc/arm-none-eabi/9.3.1/include-fixed] ==> [/usr/local/gcc-arm-none-eabi/lib/gcc/arm-none-eabi/9.3.1/include-fixed]
  collapse include dir [/usr/local/gcc-arm-none-eabi/bin/../lib/gcc/arm-none-eabi/9.3.1/../../../../arm-none-eabi/include] ==> [/usr/local/gcc-arm-none-eabi/arm-none-eabi/include]
  implicit include dirs: [/usr/local/gcc-arm-none-eabi/lib/gcc/arm-none-eabi/9.3.1/include;/usr/local/gcc-arm-none-eabi/lib/gcc/arm-none-eabi/9.3.1/include-fixed;/usr/local/gcc-arm-none-eabi/arm-none-eabi/include]


Parsed C implicit link information from above output:
  link line regex: [^( *|.*[/\])(arm-none-eabi-ld|CMAKE_LINK_STARTFILE-NOTFOUND|([^/\]+-)?ld|collect2)[^/\]*( |$)]
  ignore line: [Change Dir: /home/bulanov/Project/FreeRTOS/cmake-build-debug/CMakeFiles/CMakeTmp]
  ignore line: []
  ignore line: [Run Build Command(s):/usr/bin/make cmTC_d5e72/fast && /usr/bin/make  -f CMakeFiles/cmTC_d5e72.dir/build.make CMakeFiles/cmTC_d5e72.dir/build]
  ignore line: [make[1]: Entering directory '/home/bulanov/Project/FreeRTOS/cmake-build-debug/CMakeFiles/CMakeTmp']
  ignore line: [Building C object CMakeFiles/cmTC_d5e72.dir/CMakeCCompilerABI.c.obj]
  ignore line: [/usr/local/gcc-arm-none-eabi/bin/arm-none-eabi-gcc   -v -o CMakeFiles/cmTC_d5e72.dir/CMakeCCompilerABI.c.obj   -c /home/bulanov/.local/share/JetBrains/Toolbox/apps/CLion/ch-0/202.6948.80/bin/cmake/linux/share/cmake-3.17/Modules/CMakeCCompilerABI.c]
  ignore line: [Using built-in specs.]
  ignore line: [COLLECT_GCC=/usr/local/gcc-arm-none-eabi/bin/arm-none-eabi-gcc]
  ignore line: [Target: arm-none-eabi]
  ignore line: [Configured with: /mnt/workspace/workspace/GCC-9-pipeline/jenkins-GCC-9-pipeline-200_20200521_1590053374/src/gcc/configure --target=arm-none-eabi --prefix=/mnt/workspace/workspace/GCC-9-pipeline/jenkins-GCC-9-pipeline-200_20200521_1590053374/install-native --libexecdir=/mnt/workspace/workspace/GCC-9-pipeline/jenkins-GCC-9-pipeline-200_20200521_1590053374/install-native/lib --infodir=/mnt/workspace/workspace/GCC-9-pipeline/jenkins-GCC-9-pipeline-200_20200521_1590053374/install-native/share/doc/gcc-arm-none-eabi/info --mandir=/mnt/workspace/workspace/GCC-9-pipeline/jenkins-GCC-9-pipeline-200_20200521_1590053374/install-native/share/doc/gcc-arm-none-eabi/man --htmldir=/mnt/workspace/workspace/GCC-9-pipeline/jenkins-GCC-9-pipeline-200_20200521_1590053374/install-native/share/doc/gcc-arm-none-eabi/html --pdfdir=/mnt/workspace/workspace/GCC-9-pipeline/jenkins-GCC-9-pipeline-200_20200521_1590053374/install-native/share/doc/gcc-arm-none-eabi/pdf --enable-languages=c,c++ --enable-plugins --disable-decimal-float --disable-libffi --disable-libgomp --disable-libmudflap --disable-libquadmath --disable-libssp --disable-libstdcxx-pch --disable-nls --disable-shared --disable-threads --disable-tls --with-gnu-as --with-gnu-ld --with-newlib --with-headers=yes --with-python-dir=share/gcc-arm-none-eabi --with-sysroot=/mnt/workspace/workspace/GCC-9-pipeline/jenkins-GCC-9-pipeline-200_20200521_1590053374/install-native/arm-none-eabi --build=x86_64-linux-gnu --host=x86_64-linux-gnu --with-gmp=/mnt/workspace/workspace/GCC-9-pipeline/jenkins-GCC-9-pipeline-200_20200521_1590053374/build-native/host-libs/usr --with-mpfr=/mnt/workspace/workspace/GCC-9-pipeline/jenkins-GCC-9-pipeline-200_20200521_1590053374/build-native/host-libs/usr --with-mpc=/mnt/workspace/workspace/GCC-9-pipeline/jenkins-GCC-9-pipeline-200_20200521_1590053374/build-native/host-libs/usr --with-isl=/mnt/workspace/workspace/GCC-9-pipeline/jenkins-GCC-9-pipeline-200_20200521_1590053374/build-native/host-libs/usr --with-libelf=/mnt/workspace/workspace/GCC-9-pipeline/jenkins-GCC-9-pipeline-200_20200521_1590053374/build-native/host-libs/usr --with-host-libstdcxx='-static-libgcc -Wl,-Bstatic,-lstdc++,-Bdynamic -lm' --with-pkgversion='GNU Arm Embedded Toolchain 9-2020-q2-update' --with-multilib-list=rmprofile,aprofile]
  ignore line: [Thread model: single]
  ignore line: [gcc version 9.3.1 20200408 (release) (GNU Arm Embedded Toolchain 9-2020-q2-update) ]
  ignore line: [COLLECT_GCC_OPTIONS='-v' '-o' 'CMakeFiles/cmTC_d5e72.dir/CMakeCCompilerABI.c.obj' '-c' '-mcpu=arm7tdmi' '-mfloat-abi=soft' '-marm' '-march=armv4t']
  ignore line: [ /usr/local/gcc-arm-none-eabi/bin/../lib/gcc/arm-none-eabi/9.3.1/cc1 -quiet -v -iprefix /usr/local/gcc-arm-none-eabi/bin/../lib/gcc/arm-none-eabi/9.3.1/ -isysroot /usr/local/gcc-arm-none-eabi/bin/../arm-none-eabi -D__USES_INITFINI__ /home/bulanov/.local/share/JetBrains/Toolbox/apps/CLion/ch-0/202.6948.80/bin/cmake/linux/share/cmake-3.17/Modules/CMakeCCompilerABI.c -quiet -dumpbase CMakeCCompilerABI.c -mcpu=arm7tdmi -mfloat-abi=soft -marm -march=armv4t -auxbase-strip CMakeFiles/cmTC_d5e72.dir/CMakeCCompilerABI.c.obj -version -o /tmp/ccE0L0Sr.s]
  ignore line: [GNU C17 (GNU Arm Embedded Toolchain 9-2020-q2-update) version 9.3.1 20200408 (release) (arm-none-eabi)]
  ignore line: [	compiled by GNU C version 4.8.4  GMP version 6.1.0  MPFR version 3.1.4  MPC version 1.0.3  isl version isl-0.18-GMP]
  ignore line: []
  ignore line: [GGC heuristics: --param ggc-min-expand=100 --param ggc-min-heapsize=131072]
  ignore line: [ignoring duplicate directory "/usr/local/gcc-arm-none-eabi/bin/../lib/gcc/../../lib/gcc/arm-none-eabi/9.3.1/include"]
  ignore line: [ignoring nonexistent directory "/usr/local/gcc-arm-none-eabi/bin/../arm-none-eabi/usr/local/include"]
  ignore line: [ignoring duplicate directory "/usr/local/gcc-arm-none-eabi/bin/../lib/gcc/../../lib/gcc/arm-none-eabi/9.3.1/include-fixed"]
  ignore line: [ignoring duplicate directory "/usr/local/gcc-arm-none-eabi/bin/../lib/gcc/../../lib/gcc/arm-none-eabi/9.3.1/../../../../arm-none-eabi/include"]
  ignore line: [ignoring nonexistent directory "/usr/local/gcc-arm-none-eabi/bin/../arm-none-eabi/usr/include"]
  ignore line: [#include "..." search starts here:]
  ignore line: [#include <...> search starts here:]
  ignore line: [ /usr/local/gcc-arm-none-eabi/bin/../lib/gcc/arm-none-eabi/9.3.1/include]
  ignore line: [ /usr/local/gcc-arm-none-eabi/bin/../lib/gcc/arm-none-eabi/9.3.1/include-fixed]
  ignore line: [ /usr/local/gcc-arm-none-eabi/bin/../lib/gcc/arm-none-eabi/9.3.1/../../../../arm-none-eabi/include]
  ignore line: [End of search list.]
  ignore line: [GNU C17 (GNU Arm Embedded Toolchain 9-2020-q2-update) version 9.3.1 20200408 (release) (arm-none-eabi)]
  ignore line: [	compiled by GNU C version 4.8.4  GMP version 6.1.0  MPFR version 3.1.4  MPC version 1.0.3  isl version isl-0.18-GMP]
  ignore line: []
  ignore line: [GGC heuristics: --param ggc-min-expand=100 --param ggc-min-heapsize=131072]
  ignore line: [Compiler executable checksum: 17f1e178bf798cb7013d26242c30c1f0]
  ignore line: [COLLECT_GCC_OPTIONS='-v' '-o' 'CMakeFiles/cmTC_d5e72.dir/CMakeCCompilerABI.c.obj' '-c' '-mcpu=arm7tdmi' '-mfloat-abi=soft' '-marm' '-march=armv4t']
  ignore line: [ /usr/local/gcc-arm-none-eabi/bin/../lib/gcc/arm-none-eabi/9.3.1/../../../../arm-none-eabi/bin/as -v -march=armv4t -mfloat-abi=soft -meabi=5 -o CMakeFiles/cmTC_d5e72.dir/CMakeCCompilerABI.c.obj /tmp/ccE0L0Sr.s]
  ignore line: [GNU assembler version 2.34.0 (arm-none-eabi) using BFD version (GNU Arm Embedded Toolchain 9-2020-q2-update) 2.34.0.20200428]
  ignore line: [COMPILER_PATH=/usr/local/gcc-arm-none-eabi/bin/../lib/gcc/arm-none-eabi/9.3.1/:/usr/local/gcc-arm-none-eabi/bin/../lib/gcc/:/usr/local/gcc-arm-none-eabi/bin/../lib/gcc/arm-none-eabi/9.3.1/../../../../arm-none-eabi/bin/]
  ignore line: [LIBRARY_PATH=/usr/local/gcc-arm-none-eabi/bin/../lib/gcc/arm-none-eabi/9.3.1/:/usr/local/gcc-arm-none-eabi/bin/../lib/gcc/:/usr/local/gcc-arm-none-eabi/bin/../lib/gcc/arm-none-eabi/9.3.1/../../../../arm-none-eabi/lib/:/usr/local/gcc-arm-none-eabi/bin/../arm-none-eabi/lib/]
  ignore line: [COLLECT_GCC_OPTIONS='-v' '-o' 'CMakeFiles/cmTC_d5e72.dir/CMakeCCompilerABI.c.obj' '-c' '-mcpu=arm7tdmi' '-mfloat-abi=soft' '-marm' '-march=armv4t']
  ignore line: [Linking C static library libcmTC_d5e72.a]
  ignore line: [/home/bulanov/.local/share/JetBrains/Toolbox/apps/CLion/ch-0/202.6948.80/bin/cmake/linux/bin/cmake -P CMakeFiles/cmTC_d5e72.dir/cmake_clean_target.cmake]
  ignore line: [/home/bulanov/.local/share/JetBrains/Toolbox/apps/CLion/ch-0/202.6948.80/bin/cmake/linux/bin/cmake -E cmake_link_script CMakeFiles/cmTC_d5e72.dir/link.txt --verbose=1]
  ignore line: [arm-none-eabi-ar qc libcmTC_d5e72.a  CMakeFiles/cmTC_d5e72.dir/CMakeCCompilerABI.c.obj]
  ignore line: [/usr/local/gcc-arm-none-eabi/bin/arm-none-eabi-ranlib libcmTC_d5e72.a]
  ignore line: [make[1]: Leaving directory '/home/bulanov/Project/FreeRTOS/cmake-build-debug/CMakeFiles/CMakeTmp']
  ignore line: []
  ignore line: []
  implicit libs: []
  implicit dirs: []
  implicit fwks: []


Determining if the CXX compiler works passed with the following output:
Change Dir: /home/bulanov/Project/FreeRTOS/cmake-build-debug/CMakeFiles/CMakeTmp

Run Build Command(s):/usr/bin/make cmTC_931a8/fast && /usr/bin/make  -f CMakeFiles/cmTC_931a8.dir/build.make CMakeFiles/cmTC_931a8.dir/build
make[1]: вход в каталог «/home/bulanov/Project/FreeRTOS/cmake-build-debug/CMakeFiles/CMakeTmp»
Building CXX object CMakeFiles/cmTC_931a8.dir/testCXXCompiler.cxx.obj
/usr/local/gcc-arm-none-eabi/bin/arm-none-eabi-g++     -o CMakeFiles/cmTC_931a8.dir/testCXXCompiler.cxx.obj -c /home/bulanov/Project/FreeRTOS/cmake-build-debug/CMakeFiles/CMakeTmp/testCXXCompiler.cxx
Linking CXX static library libcmTC_931a8.a
/home/bulanov/.local/share/JetBrains/Toolbox/apps/CLion/ch-0/202.6948.80/bin/cmake/linux/bin/cmake -P CMakeFiles/cmTC_931a8.dir/cmake_clean_target.cmake
/home/bulanov/.local/share/JetBrains/Toolbox/apps/CLion/ch-0/202.6948.80/bin/cmake/linux/bin/cmake -E cmake_link_script CMakeFiles/cmTC_931a8.dir/link.txt --verbose=1
arm-none-eabi-ar qc libcmTC_931a8.a  CMakeFiles/cmTC_931a8.dir/testCXXCompiler.cxx.obj
/usr/local/gcc-arm-none-eabi/bin/arm-none-eabi-ranlib libcmTC_931a8.a
make[1]: выход из каталога «/home/bulanov/Project/FreeRTOS/cmake-build-debug/CMakeFiles/CMakeTmp»



Detecting CXX compiler ABI info compiled with the following output:
Change Dir: /home/bulanov/Project/FreeRTOS/cmake-build-debug/CMakeFiles/CMakeTmp

Run Build Command(s):/usr/bin/make cmTC_e00ac/fast && /usr/bin/make  -f CMakeFiles/cmTC_e00ac.dir/build.make CMakeFiles/cmTC_e00ac.dir/build
make[1]: Entering directory '/home/bulanov/Project/FreeRTOS/cmake-build-debug/CMakeFiles/CMakeTmp'
Building CXX object CMakeFiles/cmTC_e00ac.dir/CMakeCXXCompilerABI.cpp.obj
/usr/local/gcc-arm-none-eabi/bin/arm-none-eabi-g++    -v -o CMakeFiles/cmTC_e00ac.dir/CMakeCXXCompilerABI.cpp.obj -c /home/bulanov/.local/share/JetBrains/Toolbox/apps/CLion/ch-0/202.6948.80/bin/cmake/linux/share/cmake-3.17/Modules/CMakeCXXCompilerABI.cpp
Using built-in specs.
COLLECT_GCC=/usr/local/gcc-arm-none-eabi/bin/arm-none-eabi-g++
Target: arm-none-eabi
Configured with: /mnt/workspace/workspace/GCC-9-pipeline/jenkins-GCC-9-pipeline-200_20200521_1590053374/src/gcc/configure --target=arm-none-eabi --prefix=/mnt/workspace/workspace/GCC-9-pipeline/jenkins-GCC-9-pipeline-200_20200521_1590053374/install-native --libexecdir=/mnt/workspace/workspace/GCC-9-pipeline/jenkins-GCC-9-pipeline-200_20200521_1590053374/install-native/lib --infodir=/mnt/workspace/workspace/GCC-9-pipeline/jenkins-GCC-9-pipeline-200_20200521_1590053374/install-native/share/doc/gcc-arm-none-eabi/info --mandir=/mnt/workspace/workspace/GCC-9-pipeline/jenkins-GCC-9-pipeline-200_20200521_1590053374/install-native/share/doc/gcc-arm-none-eabi/man --htmldir=/mnt/workspace/workspace/GCC-9-pipeline/jenkins-GCC-9-pipeline-200_20200521_1590053374/install-native/share/doc/gcc-arm-none-eabi/html --pdfdir=/mnt/workspace/workspace/GCC-9-pipeline/jenkins-GCC-9-pipeline-200_20200521_1590053374/install-native/share/doc/gcc-arm-none-eabi/pdf --enable-languages=c,c++ --enable-plugins --disable-decimal-float --disable-libffi --disable-libgomp --disable-libmudflap --disable-libquadmath --disable-libssp --disable-libstdcxx-pch --disable-nls --disable-shared --disable-threads --disable-tls --with-gnu-as --with-gnu-ld --with-newlib --with-headers=yes --with-python-dir=share/gcc-arm-none-eabi --with-sysroot=/mnt/workspace/workspace/GCC-9-pipeline/jenkins-GCC-9-pipeline-200_20200521_1590053374/install-native/arm-none-eabi --build=x86_64-linux-gnu --host=x86_64-linux-gnu --with-gmp=/mnt/workspace/workspace/GCC-9-pipeline/jenkins-GCC-9-pipeline-200_20200521_1590053374/build-native/host-libs/usr --with-mpfr=/mnt/workspace/workspace/GCC-9-pipeline/jenkins-GCC-9-pipeline-200_20200521_1590053374/build-native/host-libs/usr --with-mpc=/mnt/workspace/workspace/GCC-9-pipeline/jenkins-GCC-9-pipeline-200_20200521_1590053374/build-native/host-libs/usr --with-isl=/mnt/workspace/workspace/GCC-9-pipeline/jenkins-GCC-9-pipeline-200_20200521_1590053374/build-native/host-libs/usr --with-libelf=/mnt/workspace/workspace/GCC-9-pipeline/jenkins-GCC-9-pipeline-200_20200521_1590053374/build-native/host-libs/usr --with-host-libstdcxx='-static-libgcc -Wl,-Bstatic,-lstdc++,-Bdynamic -lm' --with-pkgversion='GNU Arm Embedded Toolchain 9-2020-q2-update' --with-multilib-list=rmprofile,aprofile
Thread model: single
gcc version 9.3.1 20200408 (release) (GNU Arm Embedded Toolchain 9-2020-q2-update) 
COLLECT_GCC_OPTIONS='-v' '-o' 'CMakeFiles/cmTC_e00ac.dir/CMakeCXXCompilerABI.cpp.obj' '-c' '-mcpu=arm7tdmi' '-mfloat-abi=soft' '-marm' '-march=armv4t'
 /usr/local/gcc-arm-none-eabi/bin/../lib/gcc/arm-none-eabi/9.3.1/cc1plus -quiet -v -iprefix /usr/local/gcc-arm-none-eabi/bin/../lib/gcc/arm-none-eabi/9.3.1/ -isysroot /usr/local/gcc-arm-none-eabi/bin/../arm-none-eabi -D__USES_INITFINI__ /home/bulanov/.local/share/JetBrains/Toolbox/apps/CLion/ch-0/202.6948.80/bin/cmake/linux/share/cmake-3.17/Modules/CMakeCXXCompilerABI.cpp -quiet -dumpbase CMakeCXXCompilerABI.cpp -mcpu=arm7tdmi -mfloat-abi=soft -marm -march=armv4t -auxbase-strip CMakeFiles/cmTC_e00ac.dir/CMakeCXXCompilerABI.cpp.obj -version -o /tmp/ccI6c9Zn.s
GNU C++14 (GNU Arm Embedded Toolchain 9-2020-q2-update) version 9.3.1 20200408 (release) (arm-none-eabi)
	compiled by GNU C version 4.8.4, GMP version 6.1.0, MPFR version 3.1.4, MPC version 1.0.3, isl version isl-0.18-GMP

GGC heuristics: --param ggc-min-expand=100 --param ggc-min-heapsize=131072
ignoring duplicate directory "/usr/local/gcc-arm-none-eabi/bin/../lib/gcc/../../lib/gcc/arm-none-eabi/9.3.1/../../../../arm-none-eabi/include/c++/9.3.1"
ignoring duplicate directory "/usr/local/gcc-arm-none-eabi/bin/../lib/gcc/../../lib/gcc/arm-none-eabi/9.3.1/../../../../arm-none-eabi/include/c++/9.3.1/arm-none-eabi"
ignoring duplicate directory "/usr/local/gcc-arm-none-eabi/bin/../lib/gcc/../../lib/gcc/arm-none-eabi/9.3.1/../../../../arm-none-eabi/include/c++/9.3.1/backward"
ignoring duplicate directory "/usr/local/gcc-arm-none-eabi/bin/../lib/gcc/../../lib/gcc/arm-none-eabi/9.3.1/include"
ignoring nonexistent directory "/usr/local/gcc-arm-none-eabi/bin/../arm-none-eabi/usr/local/include"
ignoring duplicate directory "/usr/local/gcc-arm-none-eabi/bin/../lib/gcc/../../lib/gcc/arm-none-eabi/9.3.1/include-fixed"
ignoring duplicate directory "/usr/local/gcc-arm-none-eabi/bin/../lib/gcc/../../lib/gcc/arm-none-eabi/9.3.1/../../../../arm-none-eabi/include"
ignoring nonexistent directory "/usr/local/gcc-arm-none-eabi/bin/../arm-none-eabi/usr/include"
#include "..." search starts here:
#include <...> search starts here:
 /usr/local/gcc-arm-none-eabi/bin/../lib/gcc/arm-none-eabi/9.3.1/../../../../arm-none-eabi/include/c++/9.3.1
 /usr/local/gcc-arm-none-eabi/bin/../lib/gcc/arm-none-eabi/9.3.1/../../../../arm-none-eabi/include/c++/9.3.1/arm-none-eabi
 /usr/local/gcc-arm-none-eabi/bin/../lib/gcc/arm-none-eabi/9.3.1/../../../../arm-none-eabi/include/c++/9.3.1/backward
 /usr/local/gcc-arm-none-eabi/bin/../lib/gcc/arm-none-eabi/9.3.1/include
 /usr/local/gcc-arm-none-eabi/bin/../lib/gcc/arm-none-eabi/9.3.1/include-fixed
 /usr/local/gcc-arm-none-eabi/bin/../lib/gcc/arm-none-eabi/9.3.1/../../../../arm-none-eabi/include
End of search list.
GNU C++14 (GNU Arm Embedded Toolchain 9-2020-q2-update) version 9.3.1 20200408 (release) (arm-none-eabi)
	compiled by GNU C version 4.8.4, GMP version 6.1.0, MPFR version 3.1.4, MPC version 1.0.3, isl version isl-0.18-GMP

GGC heuristics: --param ggc-min-expand=100 --param ggc-min-heapsize=131072
Compiler executable checksum: 3cb932f70daa6671a7d108190c88329f
COLLECT_GCC_OPTIONS='-v' '-o' 'CMakeFiles/cmTC_e00ac.dir/CMakeCXXCompilerABI.cpp.obj' '-c' '-mcpu=arm7tdmi' '-mfloat-abi=soft' '-marm' '-march=armv4t'
 /usr/local/gcc-arm-none-eabi/bin/../lib/gcc/arm-none-eabi/9.3.1/../../../../arm-none-eabi/bin/as -v -march=armv4t -mfloat-abi=soft -meabi=5 -o CMakeFiles/cmTC_e00ac.dir/CMakeCXXCompilerABI.cpp.obj /tmp/ccI6c9Zn.s
GNU assembler version 2.34.0 (arm-none-eabi) using BFD version (GNU Arm Embedded Toolchain 9-2020-q2-update) 2.34.0.20200428
COMPILER_PATH=/usr/local/gcc-arm-none-eabi/bin/../lib/gcc/arm-none-eabi/9.3.1/:/usr/local/gcc-arm-none-eabi/bin/../lib/gcc/:/usr/local/gcc-arm-none-eabi/bin/../lib/gcc/arm-none-eabi/9.3.1/../../../../arm-none-eabi/bin/
LIBRARY_PATH=/usr/local/gcc-arm-none-eabi/bin/../lib/gcc/arm-none-eabi/9.3.1/:/usr/local/gcc-arm-none-eabi/bin/../lib/gcc/:/usr/local/gcc-arm-none-eabi/bin/../lib/gcc/arm-none-eabi/9.3.1/../../../../arm-none-eabi/lib/:/usr/local/gcc-arm-none-eabi/bin/../arm-none-eabi/lib/
COLLECT_GCC_OPTIONS='-v' '-o' 'CMakeFiles/cmTC_e00ac.dir/CMakeCXXCompilerABI.cpp.obj' '-c' '-mcpu=arm7tdmi' '-mfloat-abi=soft' '-marm' '-march=armv4t'
Linking CXX static library libcmTC_e00ac.a
/home/bulanov/.local/share/JetBrains/Toolbox/apps/CLion/ch-0/202.6948.80/bin/cmake/linux/bin/cmake -P CMakeFiles/cmTC_e00ac.dir/cmake_clean_target.cmake
/home/bulanov/.local/share/JetBrains/Toolbox/apps/CLion/ch-0/202.6948.80/bin/cmake/linux/bin/cmake -E cmake_link_script CMakeFiles/cmTC_e00ac.dir/link.txt --verbose=1
arm-none-eabi-ar qc libcmTC_e00ac.a  CMakeFiles/cmTC_e00ac.dir/CMakeCXXCompilerABI.cpp.obj
/usr/local/gcc-arm-none-eabi/bin/arm-none-eabi-ranlib libcmTC_e00ac.a
make[1]: Leaving directory '/home/bulanov/Project/FreeRTOS/cmake-build-debug/CMakeFiles/CMakeTmp'



Parsed CXX implicit include dir info from above output: rv=done
  found start of include info
  found start of implicit include info
    add: [/usr/local/gcc-arm-none-eabi/bin/../lib/gcc/arm-none-eabi/9.3.1/../../../../arm-none-eabi/include/c++/9.3.1]
    add: [/usr/local/gcc-arm-none-eabi/bin/../lib/gcc/arm-none-eabi/9.3.1/../../../../arm-none-eabi/include/c++/9.3.1/arm-none-eabi]
    add: [/usr/local/gcc-arm-none-eabi/bin/../lib/gcc/arm-none-eabi/9.3.1/../../../../arm-none-eabi/include/c++/9.3.1/backward]
    add: [/usr/local/gcc-arm-none-eabi/bin/../lib/gcc/arm-none-eabi/9.3.1/include]
    add: [/usr/local/gcc-arm-none-eabi/bin/../lib/gcc/arm-none-eabi/9.3.1/include-fixed]
    add: [/usr/local/gcc-arm-none-eabi/bin/../lib/gcc/arm-none-eabi/9.3.1/../../../../arm-none-eabi/include]
  end of search list found
  collapse include dir [/usr/local/gcc-arm-none-eabi/bin/../lib/gcc/arm-none-eabi/9.3.1/../../../../arm-none-eabi/include/c++/9.3.1] ==> [/usr/local/gcc-arm-none-eabi/arm-none-eabi/include/c++/9.3.1]
  collapse include dir [/usr/local/gcc-arm-none-eabi/bin/../lib/gcc/arm-none-eabi/9.3.1/../../../../arm-none-eabi/include/c++/9.3.1/arm-none-eabi] ==> [/usr/local/gcc-arm-none-eabi/arm-none-eabi/include/c++/9.3.1/arm-none-eabi]
  collapse include dir [/usr/local/gcc-arm-none-eabi/bin/../lib/gcc/arm-none-eabi/9.3.1/../../../../arm-none-eabi/include/c++/9.3.1/backward] ==> [/usr/local/gcc-arm-none-eabi/arm-none-eabi/include/c++/9.3.1/backward]
  collapse include dir [/usr/local/gcc-arm-none-eabi/bin/../lib/gcc/arm-none-eabi/9.3.1/include] ==> [/usr/local/gcc-arm-none-eabi/lib/gcc/arm-none-eabi/9.3.1/include]
  collapse include dir [/usr/local/gcc-arm-none-eabi/bin/../lib/gcc/arm-none-eabi/9.3.1/include-fixed] ==> [/usr/local/gcc-arm-none-eabi/lib/gcc/arm-none-eabi/9.3.1/include-fixed]
  collapse include dir [/usr/local/gcc-arm-none-eabi/bin/../lib/gcc/arm-none-eabi/9.3.1/../../../../arm-none-eabi/include] ==> [/usr/local/gcc-arm-none-eabi/arm-none-eabi/include]
  implicit include dirs: [/usr/local/gcc-arm-none-eabi/arm-none-eabi/include/c++/9.3.1;/usr/local/gcc-arm-none-eabi/arm-none-eabi/include/c++/9.3.1/arm-none-eabi;/usr/local/gcc-arm-none-eabi/arm-none-eabi/include/c++/9.3.1/backward;/usr/local/gcc-arm-none-eabi/lib/gcc/arm-none-eabi/9.3.1/include;/usr/local/gcc-arm-none-eabi/lib/gcc/arm-none-eabi/9.3.1/include-fixed;/usr/local/gcc-arm-none-eabi/arm-none-eabi/include]


Parsed CXX implicit link information from above output:
  link line regex: [^( *|.*[/\])(arm-none-eabi-ld|CMAKE_LINK_STARTFILE-NOTFOUND|([^/\]+-)?ld|collect2)[^/\]*( |$)]
  ignore line: [Change Dir: /home/bulanov/Project/FreeRTOS/cmake-build-debug/CMakeFiles/CMakeTmp]
  ignore line: []
  ignore line: [Run Build Command(s):/usr/bin/make cmTC_e00ac/fast && /usr/bin/make  -f CMakeFiles/cmTC_e00ac.dir/build.make CMakeFiles/cmTC_e00ac.dir/build]
  ignore line: [make[1]: Entering directory '/home/bulanov/Project/FreeRTOS/cmake-build-debug/CMakeFiles/CMakeTmp']
  ignore line: [Building CXX object CMakeFiles/cmTC_e00ac.dir/CMakeCXXCompilerABI.cpp.obj]
  ignore line: [/usr/local/gcc-arm-none-eabi/bin/arm-none-eabi-g++    -v -o CMakeFiles/cmTC_e00ac.dir/CMakeCXXCompilerABI.cpp.obj -c /home/bulanov/.local/share/JetBrains/Toolbox/apps/CLion/ch-0/202.6948.80/bin/cmake/linux/share/cmake-3.17/Modules/CMakeCXXCompilerABI.cpp]
  ignore line: [Using built-in specs.]
  ignore line: [COLLECT_GCC=/usr/local/gcc-arm-none-eabi/bin/arm-none-eabi-g++]
  ignore line: [Target: arm-none-eabi]
  ignore line: [Configured with: /mnt/workspace/workspace/GCC-9-pipeline/jenkins-GCC-9-pipeline-200_20200521_1590053374/src/gcc/configure --target=arm-none-eabi --prefix=/mnt/workspace/workspace/GCC-9-pipeline/jenkins-GCC-9-pipeline-200_20200521_1590053374/install-native --libexecdir=/mnt/workspace/workspace/GCC-9-pipeline/jenkins-GCC-9-pipeline-200_20200521_1590053374/install-native/lib --infodir=/mnt/workspace/workspace/GCC-9-pipeline/jenkins-GCC-9-pipeline-200_20200521_1590053374/install-native/share/doc/gcc-arm-none-eabi/info --mandir=/mnt/workspace/workspace/GCC-9-pipeline/jenkins-GCC-9-pipeline-200_20200521_1590053374/install-native/share/doc/gcc-arm-none-eabi/man --htmldir=/mnt/workspace/workspace/GCC-9-pipeline/jenkins-GCC-9-pipeline-200_20200521_1590053374/install-native/share/doc/gcc-arm-none-eabi/html --pdfdir=/mnt/workspace/workspace/GCC-9-pipeline/jenkins-GCC-9-pipeline-200_20200521_1590053374/install-native/share/doc/gcc-arm-none-eabi/pdf --enable-languages=c,c++ --enable-plugins --disable-decimal-float --disable-libffi --disable-libgomp --disable-libmudflap --disable-libquadmath --disable-libssp --disable-libstdcxx-pch --disable-nls --disable-shared --disable-threads --disable-tls --with-gnu-as --with-gnu-ld --with-newlib --with-headers=yes --with-python-dir=share/gcc-arm-none-eabi --with-sysroot=/mnt/workspace/workspace/GCC-9-pipeline/jenkins-GCC-9-pipeline-200_20200521_1590053374/install-native/arm-none-eabi --build=x86_64-linux-gnu --host=x86_64-linux-gnu --with-gmp=/mnt/workspace/workspace/GCC-9-pipeline/jenkins-GCC-9-pipeline-200_20200521_1590053374/build-native/host-libs/usr --with-mpfr=/mnt/workspace/workspace/GCC-9-pipeline/jenkins-GCC-9-pipeline-200_20200521_1590053374/build-native/host-libs/usr --with-mpc=/mnt/workspace/workspace/GCC-9-pipeline/jenkins-GCC-9-pipeline-200_20200521_1590053374/build-native/host-libs/usr --with-isl=/mnt/workspace/workspace/GCC-9-pipeline/jenkins-GCC-9-pipeline-200_20200521_1590053374/build-native/host-libs/usr --with-libelf=/mnt/workspace/workspace/GCC-9-pipeline/jenkins-GCC-9-pipeline-200_20200521_1590053374/build-native/host-libs/usr --with-host-libstdcxx='-static-libgcc -Wl,-Bstatic,-lstdc++,-Bdynamic -lm' --with-pkgversion='GNU Arm Embedded Toolchain 9-2020-q2-update' --with-multilib-list=rmprofile,aprofile]
  ignore line: [Thread model: single]
  ignore line: [gcc version 9.3.1 20200408 (release) (GNU Arm Embedded Toolchain 9-2020-q2-update) ]
  ignore line: [COLLECT_GCC_OPTIONS='-v' '-o' 'CMakeFiles/cmTC_e00ac.dir/CMakeCXXCompilerABI.cpp.obj' '-c' '-mcpu=arm7tdmi' '-mfloat-abi=soft' '-marm' '-march=armv4t']
  ignore line: [ /usr/local/gcc-arm-none-eabi/bin/../lib/gcc/arm-none-eabi/9.3.1/cc1plus -quiet -v -iprefix /usr/local/gcc-arm-none-eabi/bin/../lib/gcc/arm-none-eabi/9.3.1/ -isysroot /usr/local/gcc-arm-none-eabi/bin/../arm-none-eabi -D__USES_INITFINI__ /home/bulanov/.local/share/JetBrains/Toolbox/apps/CLion/ch-0/202.6948.80/bin/cmake/linux/share/cmake-3.17/Modules/CMakeCXXCompilerABI.cpp -quiet -dumpbase CMakeCXXCompilerABI.cpp -mcpu=arm7tdmi -mfloat-abi=soft -marm -march=armv4t -auxbase-strip CMakeFiles/cmTC_e00ac.dir/CMakeCXXCompilerABI.cpp.obj -version -o /tmp/ccI6c9Zn.s]
  ignore line: [GNU C++14 (GNU Arm Embedded Toolchain 9-2020-q2-update) version 9.3.1 20200408 (release) (arm-none-eabi)]
  ignore line: [	compiled by GNU C version 4.8.4  GMP version 6.1.0  MPFR version 3.1.4  MPC version 1.0.3  isl version isl-0.18-GMP]
  ignore line: []
  ignore line: [GGC heuristics: --param ggc-min-expand=100 --param ggc-min-heapsize=131072]
  ignore line: [ignoring duplicate directory "/usr/local/gcc-arm-none-eabi/bin/../lib/gcc/../../lib/gcc/arm-none-eabi/9.3.1/../../../../arm-none-eabi/include/c++/9.3.1"]
  ignore line: [ignoring duplicate directory "/usr/local/gcc-arm-none-eabi/bin/../lib/gcc/../../lib/gcc/arm-none-eabi/9.3.1/../../../../arm-none-eabi/include/c++/9.3.1/arm-none-eabi"]
  ignore line: [ignoring duplicate directory "/usr/local/gcc-arm-none-eabi/bin/../lib/gcc/../../lib/gcc/arm-none-eabi/9.3.1/../../../../arm-none-eabi/include/c++/9.3.1/backward"]
  ignore line: [ignoring duplicate directory "/usr/local/gcc-arm-none-eabi/bin/../lib/gcc/../../lib/gcc/arm-none-eabi/9.3.1/include"]
  ignore line: [ignoring nonexistent directory "/usr/local/gcc-arm-none-eabi/bin/../arm-none-eabi/usr/local/include"]
  ignore line: [ignoring duplicate directory "/usr/local/gcc-arm-none-eabi/bin/../lib/gcc/../../lib/gcc/arm-none-eabi/9.3.1/include-fixed"]
  ignore line: [ignoring duplicate directory "/usr/local/gcc-arm-none-eabi/bin/../lib/gcc/../../lib/gcc/arm-none-eabi/9.3.1/../../../../arm-none-eabi/include"]
  ignore line: [ignoring nonexistent directory "/usr/local/gcc-arm-none-eabi/bin/../arm-none-eabi/usr/include"]
  ignore line: [#include "..." search starts here:]
  ignore line: [#include <...> search starts here:]
  ignore line: [ /usr/local/gcc-arm-none-eabi/bin/../lib/gcc/arm-none-eabi/9.3.1/../../../../arm-none-eabi/include/c++/9.3.1]
  ignore line: [ /usr/local/gcc-arm-none-eabi/bin/../lib/gcc/arm-none-eabi/9.3.1/../../../../arm-none-eabi/include/c++/9.3.1/arm-none-eabi]
  ignore line: [ /usr/local/gcc-arm-none-eabi/bin/../lib/gcc/arm-none-eabi/9.3.1/../../../../arm-none-eabi/include/c++/9.3.1/backward]
  ignore line: [ /usr/local/gcc-arm-none-eabi/bin/../lib/gcc/arm-none-eabi/9.3.1/include]
  ignore line: [ /usr/local/gcc-arm-none-eabi/bin/../lib/gcc/arm-none-eabi/9.3.1/include-fixed]
  ignore line: [ /usr/local/gcc-arm-none-eabi/bin/../lib/gcc/arm-none-eabi/9.3.1/../../../../arm-none-eabi/include]
  ignore line: [End of search list.]
  ignore line: [GNU C++14 (GNU Arm Embedded Toolchain 9-2020-q2-update) version 9.3.1 20200408 (release) (arm-none-eabi)]
  ignore line: [	compiled by GNU C version 4.8.4  GMP version 6.1.0  MPFR version 3.1.4  MPC version 1.0.3  isl version isl-0.18-GMP]
  ignore line: []
  ignore line: [GGC heuristics: --param ggc-min-expand=100 --param ggc-min-heapsize=131072]
  ignore line: [Compiler executable checksum: 3cb932f70daa6671a7d108190c88329f]
  ignore line: [COLLECT_GCC_OPTIONS='-v' '-o' 'CMakeFiles/cmTC_e00ac.dir/CMakeCXXCompilerABI.cpp.obj' '-c' '-mcpu=arm7tdmi' '-mfloat-abi=soft' '-marm' '-march=armv4t']
  ignore line: [ /usr/local/gcc-arm-none-eabi/bin/../lib/gcc/arm-none-eabi/9.3.1/../../../../arm-none-eabi/bin/as -v -march=armv4t -mfloat-abi=soft -meabi=5 -o CMakeFiles/cmTC_e00ac.dir/CMakeCXXCompilerABI.cpp.obj /tmp/ccI6c9Zn.s]
  ignore line: [GNU assembler version 2.34.0 (arm-none-eabi) using BFD version (GNU Arm Embedded Toolchain 9-2020-q2-update) 2.34.0.20200428]
  ignore line: [COMPILER_PATH=/usr/local/gcc-arm-none-eabi/bin/../lib/gcc/arm-none-eabi/9.3.1/:/usr/local/gcc-arm-none-eabi/bin/../lib/gcc/:/usr/local/gcc-arm-none-eabi/bin/../lib/gcc/arm-none-eabi/9.3.1/../../../../arm-none-eabi/bin/]
  ignore line: [LIBRARY_PATH=/usr/local/gcc-arm-none-eabi/bin/../lib/gcc/arm-none-eabi/9.3.1/:/usr/local/gcc-arm-none-eabi/bin/../lib/gcc/:/usr/local/gcc-arm-none-eabi/bin/../lib/gcc/arm-none-eabi/9.3.1/../../../../arm-none-eabi/lib/:/usr/local/gcc-arm-none-eabi/bin/../arm-none-eabi/lib/]
  ignore line: [COLLECT_GCC_OPTIONS='-v' '-o' 'CMakeFiles/cmTC_e00ac.dir/CMakeCXXCompilerABI.cpp.obj' '-c' '-mcpu=arm7tdmi' '-mfloat-abi=soft' '-marm' '-march=armv4t']
  ignore line: [Linking CXX static library libcmTC_e00ac.a]
  ignore line: [/home/bulanov/.local/share/JetBrains/Toolbox/apps/CLion/ch-0/202.6948.80/bin/cmake/linux/bin/cmake -P CMakeFiles/cmTC_e00ac.dir/cmake_clean_target.cmake]
  ignore line: [/home/bulanov/.local/share/JetBrains/Toolbox/apps/CLion/ch-0/202.6948.80/bin/cmake/linux/bin/cmake -E cmake_link_script CMakeFiles/cmTC_e00ac.dir/link.txt --verbose=1]
  ignore line: [arm-none-eabi-ar qc libcmTC_e00ac.a  CMakeFiles/cmTC_e00ac.dir/CMakeCXXCompilerABI.cpp.obj]
  ignore line: [/usr/local/gcc-arm-none-eabi/bin/arm-none-eabi-ranlib libcmTC_e00ac.a]
  ignore line: [make[1]: Leaving directory '/home/bulanov/Project/FreeRTOS/cmake-build-debug/CMakeFiles/CMakeTmp']
  ignore line: []
  ignore line: []
  implicit libs: []
  implicit dirs: []
  implicit fwks: []


